-------------------------------------------------------------------------------
Test set: AVLTree_Test
-------------------------------------------------------------------------------
Tests run: 1, Failures: 0, Errors: 1, Skipped: 0, Time elapsed: 0.018 sec <<< FAILURE! - in AVLTree_Test
test00(AVLTree_Test)  Time elapsed: 0.018 sec  <<< ERROR!
java.lang.StackOverflowError: null
	at AVLTree.insert(AVLTree.java)
	at AVLTree.insert(AVLTree.java:48)
	at AVLTree.insert(AVLTree.java:48)
	at AVLTree.insert(AVLTree.java:50)
	at AVLTree.insert(AVLTree.java:48)
	at AVLTree.insert(AVLTree.java:48)
	at AVLTree.insert(AVLTree.java:50)
	at AVLTree.insert(AVLTree.java:48)
	at AVLTree.insert(AVLTree.java:48)
	at AVLTree.insert(AVLTree.java:50)
	at AVLTree.insert(AVLTree.java:48)
	at AVLTree.insert(AVLTree.java:48)
	at AVLTree.insert(AVLTree.java:50)
	at AVLTree.insert(AVLTree.java:48)
	at AVLTree.insert(AVLTree.java:48)
	at AVLTree.insert(AVLTree.java:50)
	at AVLTree.insert(AVLTree.java:48)
	at AVLTree.insert(AVLTree.java:48)
	at AVLTree.insert(AVLTree.java:50)
	at AVLTree.insert(AVLTree.java:48)
	at AVLTree.insert(AVLTree.java:48)
	at AVLTree.insert(AVLTree.java:50)
	at AVLTree.insert(AVLTree.java:48)
	at AVLTree.insert(AVLTree.java:48)
	at AVLTree.insert(AVLTree.java:50)
	at AVLTree.insert(AVLTree.java:48)
	at AVLTree.insert(AVLTree.java:48)
	at AVLTree.insert(AVLTree.java:50)
	at AVLTree.insert(AVLTree.java:48)
	at AVLTree.insert(AVLTree.java:48)
	at AVLTree.insert(AVLTree.java:50)
	at AVLTree.insert(AVLTree.java:48)
	at AVLTree.insert(AVLTree.java:48)
	at AVLTree.insert(AVLTree.java:50)
	at AVLTree.insert(AVLTree.java:48)
	at AVLTree.insert(AVLTree.java:48)
	at AVLTree.insert(AVLTree.java:50)
	at AVLTree.insert(AVLTree.java:48)
	at AVLTree.insert(AVLTree.java:48)
	at AVLTree.insert(AVLTree.java:50)
	at AVLTree.insert(AVLTree.java:48)
	at AVLTree.insert(AVLTree.java:48)
	at AVLTree.insert(AVLTree.java:50)
	at AVLTree.insert(AVLTree.java:48)
	at AVLTree.insert(AVLTree.java:48)
	at AVLTree.insert(AVLTree.java:50)
	at AVLTree.insert(AVLTree.java:48)
	at AVLTree.insert(AVLTree.java:48)
	at AVLTree.insert(AVLTree.java:50)
	at AVLTree.insert(AVLTree.java:48)
	at AVLTree.insert(AVLTree.java:48)
	at AVLTree.insert(AVLTree.java:50)
	at AVLTree.insert(AVLTree.java:48)
	at AVLTree.insert(AVLTree.java:48)
	at AVLTree.insert(AVLTree.java:50)
	at AVLTree.insert(AVLTree.java:48)
	at AVLTree.insert(AVLTree.java:48)
	at AVLTree.insert(AVLTree.java:50)
	at AVLTree.insert(AVLTree.java:48)
	at AVLTree.insert(AVLTree.java:48)
	at AVLTree.insert(AVLTree.java:50)
	at AVLTree.insert(AVLTree.java:48)
	at AVLTree.insert(AVLTree.java:48)
	at AVLTree.insert(AVLTree.java:50)
	at AVLTree.insert(AVLTree.java:48)
	at AVLTree.insert(AVLTree.java:48)
	at AVLTree.insert(AVLTree.java:50)
	at AVLTree.insert(AVLTree.java:48)
	at AVLTree.insert(AVLTree.java:48)
	at AVLTree.insert(AVLTree.java:50)
	at AVLTree.insert(AVLTree.java:48)
	at AVLTree.insert(AVLTree.java:48)
	at AVLTree.insert(AVLTree.java:50)
	at AVLTree.insert(AVLTree.java:48)
	at AVLTree.insert(AVLTree.java:48)
	at AVLTree.insert(AVLTree.java:50)
	at AVLTree.insert(AVLTree.java:48)
	at AVLTree.insert(AVLTree.java:48)
	at AVLTree.insert(AVLTree.java:50)
	at AVLTree.insert(AVLTree.java:48)
	at AVLTree.insert(AVLTree.java:48)
	at AVLTree.insert(AVLTree.java:50)
	at AVLTree.insert(AVLTree.java:48)
	at AVLTree.insert(AVLTree.java:48)
	at AVLTree.insert(AVLTree.java:50)
	at AVLTree.insert(AVLTree.java:48)
	at AVLTree.insert(AVLTree.java:48)
	at AVLTree.insert(AVLTree.java:50)
	at AVLTree.insert(AVLTree.java:48)
	at AVLTree.insert(AVLTree.java:48)
	at AVLTree.insert(AVLTree.java:50)
	at AVLTree.insert(AVLTree.java:48)
	at AVLTree.insert(AVLTree.java:48)
	at AVLTree.insert(AVLTree.java:50)
	at AVLTree.insert(AVLTree.java:48)
	at AVLTree.insert(AVLTree.java:48)
	at AVLTree.insert(AVLTree.java:50)
	at AVLTree.insert(AVLTree.java:48)
	at AVLTree.insert(AVLTree.java:48)
	at AVLTree.insert(AVLTree.java:50)
	at AVLTree.insert(AVLTree.java:48)
	at AVLTree.insert(AVLTree.java:48)
	at AVLTree.insert(AVLTree.java:50)
	at AVLTree.insert(AVLTree.java:48)
	at AVLTree.insert(AVLTree.java:48)
	at AVLTree.insert(AVLTree.java:50)
	at AVLTree.insert(AVLTree.java:48)
	at AVLTree.insert(AVLTree.java:48)
	at AVLTree.insert(AVLTree.java:50)
	at AVLTree.insert(AVLTree.java:48)
	at AVLTree.insert(AVLTree.java:48)
	at AVLTree.insert(AVLTree.java:50)
	at AVLTree.insert(AVLTree.java:48)
	at AVLTree.insert(AVLTree.java:48)
	at AVLTree.insert(AVLTree.java:50)
	at AVLTree.insert(AVLTree.java:48)
	at AVLTree.insert(AVLTree.java:48)
	at AVLTree.insert(AVLTree.java:50)
	at AVLTree.insert(AVLTree.java:48)
	at AVLTree.insert(AVLTree.java:48)
	at AVLTree.insert(AVLTree.java:50)
	at AVLTree.insert(AVLTree.java:48)
	at AVLTree.insert(AVLTree.java:48)
	at AVLTree.insert(AVLTree.java:50)
	at AVLTree.insert(AVLTree.java:48)
	at AVLTree.insert(AVLTree.java:48)
	at AVLTree.insert(AVLTree.java:50)
	at AVLTree.insert(AVLTree.java:48)
	at AVLTree.insert(AVLTree.java:48)
	at AVLTree.insert(AVLTree.java:50)
	at AVLTree.insert(AVLTree.java:48)
	at AVLTree.insert(AVLTree.java:48)
	at AVLTree.insert(AVLTree.java:50)
	at AVLTree.insert(AVLTree.java:48)
	at AVLTree.insert(AVLTree.java:48)
	at AVLTree.insert(AVLTree.java:50)
	at AVLTree.insert(AVLTree.java:48)
	at AVLTree.insert(AVLTree.java:48)
	at AVLTree.insert(AVLTree.java:50)
	at AVLTree.insert(AVLTree.java:48)
	at AVLTree.insert(AVLTree.java:48)
	at AVLTree.insert(AVLTree.java:50)
	at AVLTree.insert(AVLTree.java:48)
	at AVLTree.insert(AVLTree.java:48)
	at AVLTree.insert(AVLTree.java:50)
	at AVLTree.insert(AVLTree.java:48)
	at AVLTree.insert(AVLTree.java:48)
	at AVLTree.insert(AVLTree.java:50)
	at AVLTree.insert(AVLTree.java:48)
	at AVLTree.insert(AVLTree.java:48)
	at AVLTree.insert(AVLTree.java:50)
	at AVLTree.insert(AVLTree.java:48)
	at AVLTree.insert(AVLTree.java:48)
	at AVLTree.insert(AVLTree.java:50)
	at AVLTree.insert(AVLTree.java:48)
	at AVLTree.insert(AVLTree.java:48)
	at AVLTree.insert(AVLTree.java:50)
	at AVLTree.insert(AVLTree.java:48)
	at AVLTree.insert(AVLTree.java:48)
	at AVLTree.insert(AVLTree.java:50)
	at AVLTree.insert(AVLTree.java:48)
	at AVLTree.insert(AVLTree.java:48)
	at AVLTree.insert(AVLTree.java:50)
	at AVLTree.insert(AVLTree.java:48)
	at AVLTree.insert(AVLTree.java:48)
	at AVLTree.insert(AVLTree.java:50)
	at AVLTree.insert(AVLTree.java:48)
	at AVLTree.insert(AVLTree.java:48)
	at AVLTree.insert(AVLTree.java:50)
	at AVLTree.insert(AVLTree.java:48)
	at AVLTree.insert(AVLTree.java:48)
	at AVLTree.insert(AVLTree.java:50)
	at AVLTree.insert(AVLTree.java:48)
	at AVLTree.insert(AVLTree.java:48)
	at AVLTree.insert(AVLTree.java:50)
	at AVLTree.insert(AVLTree.java:48)
	at AVLTree.insert(AVLTree.java:48)
	at AVLTree.insert(AVLTree.java:50)
	at AVLTree.insert(AVLTree.java:48)
	at AVLTree.insert(AVLTree.java:48)
	at AVLTree.insert(AVLTree.java:50)
	at AVLTree.insert(AVLTree.java:48)
	at AVLTree.insert(AVLTree.java:48)
	at AVLTree.insert(AVLTree.java:50)
	at AVLTree.insert(AVLTree.java:48)
	at AVLTree.insert(AVLTree.java:48)
	at AVLTree.insert(AVLTree.java:50)
	at AVLTree.insert(AVLTree.java:48)
	at AVLTree.insert(AVLTree.java:48)
	at AVLTree.insert(AVLTree.java:50)
	at AVLTree.insert(AVLTree.java:48)
	at AVLTree.insert(AVLTree.java:48)
	at AVLTree.insert(AVLTree.java:50)
	at AVLTree.insert(AVLTree.java:48)
	at AVLTree.insert(AVLTree.java:48)
	at AVLTree.insert(AVLTree.java:50)
	at AVLTree.insert(AVLTree.java:48)
	at AVLTree.insert(AVLTree.java:48)
	at AVLTree.insert(AVLTree.java:50)
	at AVLTree.insert(AVLTree.java:48)
	at AVLTree.insert(AVLTree.java:48)
	at AVLTree.insert(AVLTree.java:50)
	at AVLTree.insert(AVLTree.java:48)
	at AVLTree.insert(AVLTree.java:48)
	at AVLTree.insert(AVLTree.java:50)
	at AVLTree.insert(AVLTree.java:48)
	at AVLTree.insert(AVLTree.java:48)
	at AVLTree.insert(AVLTree.java:50)
	at AVLTree.insert(AVLTree.java:48)
	at AVLTree.insert(AVLTree.java:48)
	at AVLTree.insert(AVLTree.java:50)
	at AVLTree.insert(AVLTree.java:48)
	at AVLTree.insert(AVLTree.java:48)
	at AVLTree.insert(AVLTree.java:50)
	at AVLTree.insert(AVLTree.java:48)
	at AVLTree.insert(AVLTree.java:48)
	at AVLTree.insert(AVLTree.java:50)
	at AVLTree.insert(AVLTree.java:48)
	at AVLTree.insert(AVLTree.java:48)
	at AVLTree.insert(AVLTree.java:50)
	at AVLTree.insert(AVLTree.java:48)
	at AVLTree.insert(AVLTree.java:48)
	at AVLTree.insert(AVLTree.java:50)
	at AVLTree.insert(AVLTree.java:48)
	at AVLTree.insert(AVLTree.java:48)
	at AVLTree.insert(AVLTree.java:50)
	at AVLTree.insert(AVLTree.java:48)
	at AVLTree.insert(AVLTree.java:48)
	at AVLTree.insert(AVLTree.java:50)
	at AVLTree.insert(AVLTree.java:48)
	at AVLTree.insert(AVLTree.java:48)
	at AVLTree.insert(AVLTree.java:50)
	at AVLTree.insert(AVLTree.java:48)
	at AVLTree.insert(AVLTree.java:48)
	at AVLTree.insert(AVLTree.java:50)
	at AVLTree.insert(AVLTree.java:48)
	at AVLTree.insert(AVLTree.java:48)
	at AVLTree.insert(AVLTree.java:50)
	at AVLTree.insert(AVLTree.java:48)
	at AVLTree.insert(AVLTree.java:48)
	at AVLTree.insert(AVLTree.java:50)
	at AVLTree.insert(AVLTree.java:48)
	at AVLTree.insert(AVLTree.java:48)
	at AVLTree.insert(AVLTree.java:50)
	at AVLTree.insert(AVLTree.java:48)
	at AVLTree.insert(AVLTree.java:48)
	at AVLTree.insert(AVLTree.java:50)
	at AVLTree.insert(AVLTree.java:48)
	at AVLTree.insert(AVLTree.java:48)
	at AVLTree.insert(AVLTree.java:50)
	at AVLTree.insert(AVLTree.java:48)
	at AVLTree.insert(AVLTree.java:48)
	at AVLTree.insert(AVLTree.java:50)
	at AVLTree.insert(AVLTree.java:48)
	at AVLTree.insert(AVLTree.java:48)
	at AVLTree.insert(AVLTree.java:50)
	at AVLTree.insert(AVLTree.java:48)
	at AVLTree.insert(AVLTree.java:48)
	at AVLTree.insert(AVLTree.java:50)
	at AVLTree.insert(AVLTree.java:48)
	at AVLTree.insert(AVLTree.java:48)
	at AVLTree.insert(AVLTree.java:50)
	at AVLTree.insert(AVLTree.java:48)
	at AVLTree.insert(AVLTree.java:48)
	at AVLTree.insert(AVLTree.java:50)
	at AVLTree.insert(AVLTree.java:48)
	at AVLTree.insert(AVLTree.java:48)
	at AVLTree.insert(AVLTree.java:50)
	at AVLTree.insert(AVLTree.java:48)
	at AVLTree.insert(AVLTree.java:48)
	at AVLTree.insert(AVLTree.java:50)
	at AVLTree.insert(AVLTree.java:48)
	at AVLTree.insert(AVLTree.java:48)
	at AVLTree.insert(AVLTree.java:50)
	at AVLTree.insert(AVLTree.java:48)
	at AVLTree.insert(AVLTree.java:48)
	at AVLTree.insert(AVLTree.java:50)
	at AVLTree.insert(AVLTree.java:48)
	at AVLTree.insert(AVLTree.java:48)
	at AVLTree.insert(AVLTree.java:50)
	at AVLTree.insert(AVLTree.java:48)
	at AVLTree.insert(AVLTree.java:48)
	at AVLTree.insert(AVLTree.java:50)
	at AVLTree.insert(AVLTree.java:48)
	at AVLTree.insert(AVLTree.java:48)
	at AVLTree.insert(AVLTree.java:50)
	at AVLTree.insert(AVLTree.java:48)
	at AVLTree.insert(AVLTree.java:48)
	at AVLTree.insert(AVLTree.java:50)
	at AVLTree.insert(AVLTree.java:48)
	at AVLTree.insert(AVLTree.java:48)
	at AVLTree.insert(AVLTree.java:50)
	at AVLTree.insert(AVLTree.java:48)
	at AVLTree.insert(AVLTree.java:48)
	at AVLTree.insert(AVLTree.java:50)
	at AVLTree.insert(AVLTree.java:48)
	at AVLTree.insert(AVLTree.java:48)
	at AVLTree.insert(AVLTree.java:50)
	at AVLTree.insert(AVLTree.java:48)
	at AVLTree.insert(AVLTree.java:48)
	at AVLTree.insert(AVLTree.java:50)
	at AVLTree.insert(AVLTree.java:48)
	at AVLTree.insert(AVLTree.java:48)
	at AVLTree.insert(AVLTree.java:50)
	at AVLTree.insert(AVLTree.java:48)
	at AVLTree.insert(AVLTree.java:48)
	at AVLTree.insert(AVLTree.java:50)
	at AVLTree.insert(AVLTree.java:48)
	at AVLTree.insert(AVLTree.java:48)
	at AVLTree.insert(AVLTree.java:50)
	at AVLTree.insert(AVLTree.java:48)
	at AVLTree.insert(AVLTree.java:48)
	at AVLTree.insert(AVLTree.java:50)
	at AVLTree.insert(AVLTree.java:48)
	at AVLTree.insert(AVLTree.java:48)
	at AVLTree.insert(AVLTree.java:50)
	at AVLTree.insert(AVLTree.java:48)
	at AVLTree.insert(AVLTree.java:48)
	at AVLTree.insert(AVLTree.java:50)
	at AVLTree.insert(AVLTree.java:48)
	at AVLTree.insert(AVLTree.java:48)
	at AVLTree.insert(AVLTree.java:50)
	at AVLTree.insert(AVLTree.java:48)
	at AVLTree.insert(AVLTree.java:48)
	at AVLTree.insert(AVLTree.java:50)
	at AVLTree.insert(AVLTree.java:48)
	at AVLTree.insert(AVLTree.java:48)
	at AVLTree.insert(AVLTree.java:50)
	at AVLTree.insert(AVLTree.java:48)
	at AVLTree.insert(AVLTree.java:48)
	at AVLTree.insert(AVLTree.java:50)
	at AVLTree.insert(AVLTree.java:48)
	at AVLTree.insert(AVLTree.java:48)
	at AVLTree.insert(AVLTree.java:50)
	at AVLTree.insert(AVLTree.java:48)
	at AVLTree.insert(AVLTree.java:48)
	at AVLTree.insert(AVLTree.java:50)
	at AVLTree.insert(AVLTree.java:48)
	at AVLTree.insert(AVLTree.java:48)
	at AVLTree.insert(AVLTree.java:50)
	at AVLTree.insert(AVLTree.java:48)
	at AVLTree.insert(AVLTree.java:48)
	at AVLTree.insert(AVLTree.java:50)
	at AVLTree.insert(AVLTree.java:48)
	at AVLTree.insert(AVLTree.java:48)
	at AVLTree.insert(AVLTree.java:50)
	at AVLTree.insert(AVLTree.java:48)
	at AVLTree.insert(AVLTree.java:48)
	at AVLTree.insert(AVLTree.java:50)
	at AVLTree.insert(AVLTree.java:48)
	at AVLTree.insert(AVLTree.java:48)
	at AVLTree.insert(AVLTree.java:50)
	at AVLTree.insert(AVLTree.java:48)
	at AVLTree.insert(AVLTree.java:48)
	at AVLTree.insert(AVLTree.java:50)
	at AVLTree.insert(AVLTree.java:48)
	at AVLTree.insert(AVLTree.java:48)
	at AVLTree.insert(AVLTree.java:50)
	at AVLTree.insert(AVLTree.java:48)
	at AVLTree.insert(AVLTree.java:48)
	at AVLTree.insert(AVLTree.java:50)
	at AVLTree.insert(AVLTree.java:48)
	at AVLTree.insert(AVLTree.java:48)
	at AVLTree.insert(AVLTree.java:50)
	at AVLTree.insert(AVLTree.java:48)
	at AVLTree.insert(AVLTree.java:48)
	at AVLTree.insert(AVLTree.java:50)
	at AVLTree.insert(AVLTree.java:48)
	at AVLTree.insert(AVLTree.java:48)
	at AVLTree.insert(AVLTree.java:50)
	at AVLTree.insert(AVLTree.java:48)
	at AVLTree.insert(AVLTree.java:48)
	at AVLTree.insert(AVLTree.java:50)
	at AVLTree.insert(AVLTree.java:48)
	at AVLTree.insert(AVLTree.java:48)
	at AVLTree.insert(AVLTree.java:50)
	at AVLTree.insert(AVLTree.java:48)
	at AVLTree.insert(AVLTree.java:48)
	at AVLTree.insert(AVLTree.java:50)
	at AVLTree.insert(AVLTree.java:48)
	at AVLTree.insert(AVLTree.java:48)
	at AVLTree.insert(AVLTree.java:50)
	at AVLTree.insert(AVLTree.java:48)
	at AVLTree.insert(AVLTree.java:48)
	at AVLTree.insert(AVLTree.java:50)
	at AVLTree.insert(AVLTree.java:48)
	at AVLTree.insert(AVLTree.java:48)
	at AVLTree.insert(AVLTree.java:50)
	at AVLTree.insert(AVLTree.java:48)
	at AVLTree.insert(AVLTree.java:48)
	at AVLTree.insert(AVLTree.java:50)
	at AVLTree.insert(AVLTree.java:48)
	at AVLTree.insert(AVLTree.java:48)
	at AVLTree.insert(AVLTree.java:50)
	at AVLTree.insert(AVLTree.java:48)
	at AVLTree.insert(AVLTree.java:48)
	at AVLTree.insert(AVLTree.java:50)
	at AVLTree.insert(AVLTree.java:48)
	at AVLTree.insert(AVLTree.java:48)
	at AVLTree.insert(AVLTree.java:50)
	at AVLTree.insert(AVLTree.java:48)
	at AVLTree.insert(AVLTree.java:48)
	at AVLTree.insert(AVLTree.java:50)
	at AVLTree.insert(AVLTree.java:48)
	at AVLTree.insert(AVLTree.java:48)
	at AVLTree.insert(AVLTree.java:50)
	at AVLTree.insert(AVLTree.java:48)
	at AVLTree.insert(AVLTree.java:48)
	at AVLTree.insert(AVLTree.java:50)
	at AVLTree.insert(AVLTree.java:48)
	at AVLTree.insert(AVLTree.java:48)
	at AVLTree.insert(AVLTree.java:50)
	at AVLTree.insert(AVLTree.java:48)
	at AVLTree.insert(AVLTree.java:48)
	at AVLTree.insert(AVLTree.java:50)
	at AVLTree.insert(AVLTree.java:48)
	at AVLTree.insert(AVLTree.java:48)
	at AVLTree.insert(AVLTree.java:50)
	at AVLTree.insert(AVLTree.java:48)
	at AVLTree.insert(AVLTree.java:48)
	at AVLTree.insert(AVLTree.java:50)
	at AVLTree.insert(AVLTree.java:48)
	at AVLTree.insert(AVLTree.java:48)
	at AVLTree.insert(AVLTree.java:50)
	at AVLTree.insert(AVLTree.java:48)
	at AVLTree.insert(AVLTree.java:48)
	at AVLTree.insert(AVLTree.java:50)
	at AVLTree.insert(AVLTree.java:48)
	at AVLTree.insert(AVLTree.java:48)
	at AVLTree.insert(AVLTree.java:50)
	at AVLTree.insert(AVLTree.java:48)
	at AVLTree.insert(AVLTree.java:48)
	at AVLTree.insert(AVLTree.java:50)
	at AVLTree.insert(AVLTree.java:48)
	at AVLTree.insert(AVLTree.java:48)
	at AVLTree.insert(AVLTree.java:50)
	at AVLTree.insert(AVLTree.java:48)
	at AVLTree.insert(AVLTree.java:48)
	at AVLTree.insert(AVLTree.java:50)
	at AVLTree.insert(AVLTree.java:48)
	at AVLTree.insert(AVLTree.java:48)
	at AVLTree.insert(AVLTree.java:50)
	at AVLTree.insert(AVLTree.java:48)
	at AVLTree.insert(AVLTree.java:48)
	at AVLTree.insert(AVLTree.java:50)
	at AVLTree.insert(AVLTree.java:48)
	at AVLTree.insert(AVLTree.java:48)
	at AVLTree.insert(AVLTree.java:50)
	at AVLTree.insert(AVLTree.java:48)
	at AVLTree.insert(AVLTree.java:48)
	at AVLTree.insert(AVLTree.java:50)
	at AVLTree.insert(AVLTree.java:48)
	at AVLTree.insert(AVLTree.java:48)
	at AVLTree.insert(AVLTree.java:50)
	at AVLTree.insert(AVLTree.java:48)
	at AVLTree.insert(AVLTree.java:48)
	at AVLTree.insert(AVLTree.java:50)
	at AVLTree.insert(AVLTree.java:48)
	at AVLTree.insert(AVLTree.java:48)
	at AVLTree.insert(AVLTree.java:50)
	at AVLTree.insert(AVLTree.java:48)
	at AVLTree.insert(AVLTree.java:48)
	at AVLTree.insert(AVLTree.java:50)
	at AVLTree.insert(AVLTree.java:48)
	at AVLTree.insert(AVLTree.java:48)
	at AVLTree.insert(AVLTree.java:50)
	at AVLTree.insert(AVLTree.java:48)
	at AVLTree.insert(AVLTree.java:48)
	at AVLTree.insert(AVLTree.java:50)
	at AVLTree.insert(AVLTree.java:48)
	at AVLTree.insert(AVLTree.java:48)
	at AVLTree.insert(AVLTree.java:50)
	at AVLTree.insert(AVLTree.java:48)
	at AVLTree.insert(AVLTree.java:48)
	at AVLTree.insert(AVLTree.java:50)
	at AVLTree.insert(AVLTree.java:48)
	at AVLTree.insert(AVLTree.java:48)
	at AVLTree.insert(AVLTree.java:50)
	at AVLTree.insert(AVLTree.java:48)
	at AVLTree.insert(AVLTree.java:48)
	at AVLTree.insert(AVLTree.java:50)
	at AVLTree.insert(AVLTree.java:48)
	at AVLTree.insert(AVLTree.java:48)
	at AVLTree.insert(AVLTree.java:50)
	at AVLTree.insert(AVLTree.java:48)
	at AVLTree.insert(AVLTree.java:48)
	at AVLTree.insert(AVLTree.java:50)
	at AVLTree.insert(AVLTree.java:48)
	at AVLTree.insert(AVLTree.java:48)
	at AVLTree.insert(AVLTree.java:50)
	at AVLTree.insert(AVLTree.java:48)
	at AVLTree.insert(AVLTree.java:48)
	at AVLTree.insert(AVLTree.java:50)
	at AVLTree.insert(AVLTree.java:48)
	at AVLTree.insert(AVLTree.java:48)
	at AVLTree.insert(AVLTree.java:50)
	at AVLTree.insert(AVLTree.java:48)
	at AVLTree.insert(AVLTree.java:48)
	at AVLTree.insert(AVLTree.java:50)
	at AVLTree.insert(AVLTree.java:48)
	at AVLTree.insert(AVLTree.java:48)
	at AVLTree.insert(AVLTree.java:50)
	at AVLTree.insert(AVLTree.java:48)
	at AVLTree.insert(AVLTree.java:48)
	at AVLTree.insert(AVLTree.java:50)
	at AVLTree.insert(AVLTree.java:48)
	at AVLTree.insert(AVLTree.java:48)
	at AVLTree.insert(AVLTree.java:50)
	at AVLTree.insert(AVLTree.java:48)
	at AVLTree.insert(AVLTree.java:48)
	at AVLTree.insert(AVLTree.java:50)
	at AVLTree.insert(AVLTree.java:48)
	at AVLTree.insert(AVLTree.java:48)
	at AVLTree.insert(AVLTree.java:50)
	at AVLTree.insert(AVLTree.java:48)
	at AVLTree.insert(AVLTree.java:48)
	at AVLTree.insert(AVLTree.java:50)
	at AVLTree.insert(AVLTree.java:48)
	at AVLTree.insert(AVLTree.java:48)
	at AVLTree.insert(AVLTree.java:50)
	at AVLTree.insert(AVLTree.java:48)
	at AVLTree.insert(AVLTree.java:48)
	at AVLTree.insert(AVLTree.java:50)
	at AVLTree.insert(AVLTree.java:48)
	at AVLTree.insert(AVLTree.java:48)
	at AVLTree.insert(AVLTree.java:50)
	at AVLTree.insert(AVLTree.java:48)
	at AVLTree.insert(AVLTree.java:48)
	at AVLTree.insert(AVLTree.java:50)
	at AVLTree.insert(AVLTree.java:48)
	at AVLTree.insert(AVLTree.java:48)
	at AVLTree.insert(AVLTree.java:50)
	at AVLTree.insert(AVLTree.java:48)
	at AVLTree.insert(AVLTree.java:48)
	at AVLTree.insert(AVLTree.java:50)
	at AVLTree.insert(AVLTree.java:48)
	at AVLTree.insert(AVLTree.java:48)
	at AVLTree.insert(AVLTree.java:50)
	at AVLTree.insert(AVLTree.java:48)
	at AVLTree.insert(AVLTree.java:48)
	at AVLTree.insert(AVLTree.java:50)
	at AVLTree.insert(AVLTree.java:48)
	at AVLTree.insert(AVLTree.java:48)
	at AVLTree.insert(AVLTree.java:50)
	at AVLTree.insert(AVLTree.java:48)
	at AVLTree.insert(AVLTree.java:48)
	at AVLTree.insert(AVLTree.java:50)
	at AVLTree.insert(AVLTree.java:48)
	at AVLTree.insert(AVLTree.java:48)
	at AVLTree.insert(AVLTree.java:50)
	at AVLTree.insert(AVLTree.java:48)
	at AVLTree.insert(AVLTree.java:48)
	at AVLTree.insert(AVLTree.java:50)
	at AVLTree.insert(AVLTree.java:48)
	at AVLTree.insert(AVLTree.java:48)
	at AVLTree.insert(AVLTree.java:50)
	at AVLTree.insert(AVLTree.java:48)
	at AVLTree.insert(AVLTree.java:48)
	at AVLTree.insert(AVLTree.java:50)
	at AVLTree.insert(AVLTree.java:48)
	at AVLTree.insert(AVLTree.java:48)
	at AVLTree.insert(AVLTree.java:50)
	at AVLTree.insert(AVLTree.java:48)
	at AVLTree.insert(AVLTree.java:48)
	at AVLTree.insert(AVLTree.java:50)
	at AVLTree.insert(AVLTree.java:48)
	at AVLTree.insert(AVLTree.java:48)
	at AVLTree.insert(AVLTree.java:50)
	at AVLTree.insert(AVLTree.java:48)
	at AVLTree.insert(AVLTree.java:48)
	at AVLTree.insert(AVLTree.java:50)
	at AVLTree.insert(AVLTree.java:48)
	at AVLTree.insert(AVLTree.java:48)
	at AVLTree.insert(AVLTree.java:50)
	at AVLTree.insert(AVLTree.java:48)
	at AVLTree.insert(AVLTree.java:48)
	at AVLTree.insert(AVLTree.java:50)
	at AVLTree.insert(AVLTree.java:48)
	at AVLTree.insert(AVLTree.java:48)
	at AVLTree.insert(AVLTree.java:50)
	at AVLTree.insert(AVLTree.java:48)
	at AVLTree.insert(AVLTree.java:48)
	at AVLTree.insert(AVLTree.java:50)
	at AVLTree.insert(AVLTree.java:48)
	at AVLTree.insert(AVLTree.java:48)
	at AVLTree.insert(AVLTree.java:50)
	at AVLTree.insert(AVLTree.java:48)
	at AVLTree.insert(AVLTree.java:48)
	at AVLTree.insert(AVLTree.java:50)
	at AVLTree.insert(AVLTree.java:48)
	at AVLTree.insert(AVLTree.java:48)
	at AVLTree.insert(AVLTree.java:50)
	at AVLTree.insert(AVLTree.java:48)
	at AVLTree.insert(AVLTree.java:48)
	at AVLTree.insert(AVLTree.java:50)
	at AVLTree.insert(AVLTree.java:48)
	at AVLTree.insert(AVLTree.java:48)
	at AVLTree.insert(AVLTree.java:50)
	at AVLTree.insert(AVLTree.java:48)
	at AVLTree.insert(AVLTree.java:48)
	at AVLTree.insert(AVLTree.java:50)
	at AVLTree.insert(AVLTree.java:48)
	at AVLTree.insert(AVLTree.java:48)
	at AVLTree.insert(AVLTree.java:50)
	at AVLTree.insert(AVLTree.java:48)
	at AVLTree.insert(AVLTree.java:48)
	at AVLTree.insert(AVLTree.java:50)
	at AVLTree.insert(AVLTree.java:48)
	at AVLTree.insert(AVLTree.java:48)
	at AVLTree.insert(AVLTree.java:50)
	at AVLTree.insert(AVLTree.java:48)
	at AVLTree.insert(AVLTree.java:48)
	at AVLTree.insert(AVLTree.java:50)
	at AVLTree.insert(AVLTree.java:48)
	at AVLTree.insert(AVLTree.java:48)
	at AVLTree.insert(AVLTree.java:50)
	at AVLTree.insert(AVLTree.java:48)
	at AVLTree.insert(AVLTree.java:48)
	at AVLTree.insert(AVLTree.java:50)
	at AVLTree.insert(AVLTree.java:48)
	at AVLTree.insert(AVLTree.java:48)
	at AVLTree.insert(AVLTree.java:50)
	at AVLTree.insert(AVLTree.java:48)
	at AVLTree.insert(AVLTree.java:48)
	at AVLTree.insert(AVLTree.java:50)
	at AVLTree.insert(AVLTree.java:48)
	at AVLTree.insert(AVLTree.java:48)
	at AVLTree.insert(AVLTree.java:50)
	at AVLTree.insert(AVLTree.java:48)
	at AVLTree.insert(AVLTree.java:48)
	at AVLTree.insert(AVLTree.java:50)
	at AVLTree.insert(AVLTree.java:48)
	at AVLTree.insert(AVLTree.java:48)
	at AVLTree.insert(AVLTree.java:50)
	at AVLTree.insert(AVLTree.java:48)
	at AVLTree.insert(AVLTree.java:48)
	at AVLTree.insert(AVLTree.java:50)
	at AVLTree.insert(AVLTree.java:48)
	at AVLTree.insert(AVLTree.java:48)
	at AVLTree.insert(AVLTree.java:50)
	at AVLTree.insert(AVLTree.java:48)
	at AVLTree.insert(AVLTree.java:48)
	at AVLTree.insert(AVLTree.java:50)
	at AVLTree.insert(AVLTree.java:48)
	at AVLTree.insert(AVLTree.java:48)
	at AVLTree.insert(AVLTree.java:50)
	at AVLTree.insert(AVLTree.java:48)
	at AVLTree.insert(AVLTree.java:48)
	at AVLTree.insert(AVLTree.java:50)
	at AVLTree.insert(AVLTree.java:48)
	at AVLTree.insert(AVLTree.java:48)
	at AVLTree.insert(AVLTree.java:50)
	at AVLTree.insert(AVLTree.java:48)
	at AVLTree.insert(AVLTree.java:48)
	at AVLTree.insert(AVLTree.java:50)
	at AVLTree.insert(AVLTree.java:48)
	at AVLTree.insert(AVLTree.java:48)
	at AVLTree.insert(AVLTree.java:50)
	at AVLTree.insert(AVLTree.java:48)
	at AVLTree.insert(AVLTree.java:48)
	at AVLTree.insert(AVLTree.java:50)
	at AVLTree.insert(AVLTree.java:48)
	at AVLTree.insert(AVLTree.java:48)
	at AVLTree.insert(AVLTree.java:50)
	at AVLTree.insert(AVLTree.java:48)
	at AVLTree.insert(AVLTree.java:48)
	at AVLTree.insert(AVLTree.java:50)
	at AVLTree.insert(AVLTree.java:48)
	at AVLTree.insert(AVLTree.java:48)
	at AVLTree.insert(AVLTree.java:50)
	at AVLTree.insert(AVLTree.java:48)
	at AVLTree.insert(AVLTree.java:48)
	at AVLTree.insert(AVLTree.java:50)
	at AVLTree.insert(AVLTree.java:48)
	at AVLTree.insert(AVLTree.java:48)
	at AVLTree.insert(AVLTree.java:50)
	at AVLTree.insert(AVLTree.java:48)
	at AVLTree.insert(AVLTree.java:48)
	at AVLTree.insert(AVLTree.java:50)
	at AVLTree.insert(AVLTree.java:48)
	at AVLTree.insert(AVLTree.java:48)
	at AVLTree.insert(AVLTree.java:50)
	at AVLTree.insert(AVLTree.java:48)
	at AVLTree.insert(AVLTree.java:48)
	at AVLTree.insert(AVLTree.java:50)
	at AVLTree.insert(AVLTree.java:48)
	at AVLTree.insert(AVLTree.java:48)
	at AVLTree.insert(AVLTree.java:50)
	at AVLTree.insert(AVLTree.java:48)
	at AVLTree.insert(AVLTree.java:48)
	at AVLTree.insert(AVLTree.java:50)
	at AVLTree.insert(AVLTree.java:48)
	at AVLTree.insert(AVLTree.java:48)
	at AVLTree.insert(AVLTree.java:50)
	at AVLTree.insert(AVLTree.java:48)
	at AVLTree.insert(AVLTree.java:48)
	at AVLTree.insert(AVLTree.java:50)
	at AVLTree.insert(AVLTree.java:48)
	at AVLTree.insert(AVLTree.java:48)
	at AVLTree.insert(AVLTree.java:50)
	at AVLTree.insert(AVLTree.java:48)
	at AVLTree.insert(AVLTree.java:48)
	at AVLTree.insert(AVLTree.java:50)
	at AVLTree.insert(AVLTree.java:48)
	at AVLTree.insert(AVLTree.java:48)
	at AVLTree.insert(AVLTree.java:50)
	at AVLTree.insert(AVLTree.java:48)
	at AVLTree.insert(AVLTree.java:48)
	at AVLTree.insert(AVLTree.java:50)
	at AVLTree.insert(AVLTree.java:48)
	at AVLTree.insert(AVLTree.java:48)
	at AVLTree.insert(AVLTree.java:50)
	at AVLTree.insert(AVLTree.java:48)
	at AVLTree.insert(AVLTree.java:48)
	at AVLTree.insert(AVLTree.java:50)
	at AVLTree.insert(AVLTree.java:48)
	at AVLTree.insert(AVLTree.java:48)
	at AVLTree.insert(AVLTree.java:50)
	at AVLTree.insert(AVLTree.java:48)
	at AVLTree.insert(AVLTree.java:48)
	at AVLTree.insert(AVLTree.java:50)
	at AVLTree.insert(AVLTree.java:48)
	at AVLTree.insert(AVLTree.java:48)
	at AVLTree.insert(AVLTree.java:50)
	at AVLTree.insert(AVLTree.java:48)
	at AVLTree.insert(AVLTree.java:48)
	at AVLTree.insert(AVLTree.java:50)
	at AVLTree.insert(AVLTree.java:48)
	at AVLTree.insert(AVLTree.java:48)
	at AVLTree.insert(AVLTree.java:50)
	at AVLTree.insert(AVLTree.java:48)
	at AVLTree.insert(AVLTree.java:48)
	at AVLTree.insert(AVLTree.java:50)
	at AVLTree.insert(AVLTree.java:48)
	at AVLTree.insert(AVLTree.java:48)
	at AVLTree.insert(AVLTree.java:50)
	at AVLTree.insert(AVLTree.java:48)
	at AVLTree.insert(AVLTree.java:48)
	at AVLTree.insert(AVLTree.java:50)
	at AVLTree.insert(AVLTree.java:48)
	at AVLTree.insert(AVLTree.java:48)
	at AVLTree.insert(AVLTree.java:50)
	at AVLTree.insert(AVLTree.java:48)
	at AVLTree.insert(AVLTree.java:48)
	at AVLTree.insert(AVLTree.java:50)
	at AVLTree.insert(AVLTree.java:48)
	at AVLTree.insert(AVLTree.java:48)
	at AVLTree.insert(AVLTree.java:50)
	at AVLTree.insert(AVLTree.java:48)
	at AVLTree.insert(AVLTree.java:48)
	at AVLTree.insert(AVLTree.java:50)
	at AVLTree.insert(AVLTree.java:48)
	at AVLTree.insert(AVLTree.java:48)
	at AVLTree.insert(AVLTree.java:50)
	at AVLTree.insert(AVLTree.java:48)
	at AVLTree.insert(AVLTree.java:48)
	at AVLTree.insert(AVLTree.java:50)
	at AVLTree.insert(AVLTree.java:48)
	at AVLTree.insert(AVLTree.java:48)
	at AVLTree.insert(AVLTree.java:50)
	at AVLTree.insert(AVLTree.java:48)
	at AVLTree.insert(AVLTree.java:48)
	at AVLTree.insert(AVLTree.java:50)
	at AVLTree.insert(AVLTree.java:48)
	at AVLTree.insert(AVLTree.java:48)
	at AVLTree.insert(AVLTree.java:50)
	at AVLTree.insert(AVLTree.java:48)
	at AVLTree.insert(AVLTree.java:48)
	at AVLTree.insert(AVLTree.java:50)
	at AVLTree.insert(AVLTree.java:48)
	at AVLTree.insert(AVLTree.java:48)
	at AVLTree.insert(AVLTree.java:50)
	at AVLTree.insert(AVLTree.java:48)
	at AVLTree.insert(AVLTree.java:48)
	at AVLTree.insert(AVLTree.java:50)
	at AVLTree.insert(AVLTree.java:48)
	at AVLTree.insert(AVLTree.java:48)
	at AVLTree.insert(AVLTree.java:50)
	at AVLTree.insert(AVLTree.java:48)
	at AVLTree.insert(AVLTree.java:48)
	at AVLTree.insert(AVLTree.java:50)
	at AVLTree.insert(AVLTree.java:48)
	at AVLTree.insert(AVLTree.java:48)
	at AVLTree.insert(AVLTree.java:50)
	at AVLTree.insert(AVLTree.java:48)
	at AVLTree.insert(AVLTree.java:48)
	at AVLTree.insert(AVLTree.java:50)
	at AVLTree.insert(AVLTree.java:48)
	at AVLTree.insert(AVLTree.java:48)
	at AVLTree.insert(AVLTree.java:50)
	at AVLTree.insert(AVLTree.java:48)
	at AVLTree.insert(AVLTree.java:48)
	at AVLTree.insert(AVLTree.java:50)
	at AVLTree.insert(AVLTree.java:48)
	at AVLTree.insert(AVLTree.java:48)
	at AVLTree.insert(AVLTree.java:50)
	at AVLTree.insert(AVLTree.java:48)
	at AVLTree.insert(AVLTree.java:48)
	at AVLTree.insert(AVLTree.java:50)
	at AVLTree.insert(AVLTree.java:48)
	at AVLTree.insert(AVLTree.java:48)
	at AVLTree.insert(AVLTree.java:50)
	at AVLTree.insert(AVLTree.java:48)
	at AVLTree.insert(AVLTree.java:48)
	at AVLTree.insert(AVLTree.java:50)
	at AVLTree.insert(AVLTree.java:48)
	at AVLTree.insert(AVLTree.java:48)
	at AVLTree.insert(AVLTree.java:50)
	at AVLTree.insert(AVLTree.java:48)
	at AVLTree.insert(AVLTree.java:48)
	at AVLTree.insert(AVLTree.java:50)
	at AVLTree.insert(AVLTree.java:48)
	at AVLTree.insert(AVLTree.java:48)
	at AVLTree.insert(AVLTree.java:50)
	at AVLTree.insert(AVLTree.java:48)
	at AVLTree.insert(AVLTree.java:48)
	at AVLTree.insert(AVLTree.java:50)
	at AVLTree.insert(AVLTree.java:48)
	at AVLTree.insert(AVLTree.java:48)
	at AVLTree.insert(AVLTree.java:50)
	at AVLTree.insert(AVLTree.java:48)
	at AVLTree.insert(AVLTree.java:48)
	at AVLTree.insert(AVLTree.java:50)
	at AVLTree.insert(AVLTree.java:48)
	at AVLTree.insert(AVLTree.java:48)
	at AVLTree.insert(AVLTree.java:50)
	at AVLTree.insert(AVLTree.java:48)
	at AVLTree.insert(AVLTree.java:48)
	at AVLTree.insert(AVLTree.java:50)
	at AVLTree.insert(AVLTree.java:48)
	at AVLTree.insert(AVLTree.java:48)
	at AVLTree.insert(AVLTree.java:50)
	at AVLTree.insert(AVLTree.java:48)
	at AVLTree.insert(AVLTree.java:48)
	at AVLTree.insert(AVLTree.java:50)
	at AVLTree.insert(AVLTree.java:48)
	at AVLTree.insert(AVLTree.java:48)
	at AVLTree.insert(AVLTree.java:50)
	at AVLTree.insert(AVLTree.java:48)
	at AVLTree.insert(AVLTree.java:48)
	at AVLTree.insert(AVLTree.java:50)
	at AVLTree.insert(AVLTree.java:48)
	at AVLTree.insert(AVLTree.java:48)
	at AVLTree.insert(AVLTree.java:50)
	at AVLTree.insert(AVLTree.java:48)
	at AVLTree.insert(AVLTree.java:48)
	at AVLTree.insert(AVLTree.java:50)
	at AVLTree.insert(AVLTree.java:48)
	at AVLTree.insert(AVLTree.java:48)
	at AVLTree.insert(AVLTree.java:50)
	at AVLTree.insert(AVLTree.java:48)
	at AVLTree.insert(AVLTree.java:48)
	at AVLTree.insert(AVLTree.java:50)
	at AVLTree.insert(AVLTree.java:48)
	at AVLTree.insert(AVLTree.java:48)
	at AVLTree.insert(AVLTree.java:50)
	at AVLTree.insert(AVLTree.java:48)
	at AVLTree.insert(AVLTree.java:48)
	at AVLTree.insert(AVLTree.java:50)
	at AVLTree.insert(AVLTree.java:48)
	at AVLTree.insert(AVLTree.java:48)
	at AVLTree.insert(AVLTree.java:50)
	at AVLTree.insert(AVLTree.java:48)
	at AVLTree.insert(AVLTree.java:48)
	at AVLTree.insert(AVLTree.java:50)
	at AVLTree.insert(AVLTree.java:48)
	at AVLTree.insert(AVLTree.java:48)
	at AVLTree.insert(AVLTree.java:50)
	at AVLTree.insert(AVLTree.java:48)
	at AVLTree.insert(AVLTree.java:48)
	at AVLTree.insert(AVLTree.java:50)
	at AVLTree.insert(AVLTree.java:48)
	at AVLTree.insert(AVLTree.java:48)
	at AVLTree.insert(AVLTree.java:50)
	at AVLTree.insert(AVLTree.java:48)
	at AVLTree.insert(AVLTree.java:48)
	at AVLTree.insert(AVLTree.java:50)
	at AVLTree.insert(AVLTree.java:48)
	at AVLTree.insert(AVLTree.java:48)
	at AVLTree.insert(AVLTree.java:50)
	at AVLTree.insert(AVLTree.java:48)
	at AVLTree.insert(AVLTree.java:48)
	at AVLTree.insert(AVLTree.java:50)
	at AVLTree.insert(AVLTree.java:48)
	at AVLTree.insert(AVLTree.java:48)
	at AVLTree.insert(AVLTree.java:50)
	at AVLTree.insert(AVLTree.java:48)
	at AVLTree.insert(AVLTree.java:48)
	at AVLTree.insert(AVLTree.java:50)
	at AVLTree.insert(AVLTree.java:48)
	at AVLTree.insert(AVLTree.java:48)
	at AVLTree.insert(AVLTree.java:50)
	at AVLTree.insert(AVLTree.java:48)
	at AVLTree.insert(AVLTree.java:48)
	at AVLTree.insert(AVLTree.java:50)
	at AVLTree.insert(AVLTree.java:48)
	at AVLTree.insert(AVLTree.java:48)
	at AVLTree.insert(AVLTree.java:50)
	at AVLTree.insert(AVLTree.java:48)
	at AVLTree.insert(AVLTree.java:48)
	at AVLTree.insert(AVLTree.java:50)
	at AVLTree.insert(AVLTree.java:48)
	at AVLTree.insert(AVLTree.java:48)
	at AVLTree.insert(AVLTree.java:50)
	at AVLTree.insert(AVLTree.java:48)
	at AVLTree.insert(AVLTree.java:48)
	at AVLTree.insert(AVLTree.java:50)
	at AVLTree.insert(AVLTree.java:48)
	at AVLTree.insert(AVLTree.java:48)
	at AVLTree.insert(AVLTree.java:50)
	at AVLTree.insert(AVLTree.java:48)
	at AVLTree.insert(AVLTree.java:48)
	at AVLTree.insert(AVLTree.java:50)
	at AVLTree.insert(AVLTree.java:48)
	at AVLTree.insert(AVLTree.java:48)
	at AVLTree.insert(AVLTree.java:50)
	at AVLTree.insert(AVLTree.java:48)
	at AVLTree.insert(AVLTree.java:48)
	at AVLTree.insert(AVLTree.java:50)
	at AVLTree.insert(AVLTree.java:48)
	at AVLTree.insert(AVLTree.java:48)
	at AVLTree.insert(AVLTree.java:50)
	at AVLTree.insert(AVLTree.java:48)
	at AVLTree.insert(AVLTree.java:48)
	at AVLTree.insert(AVLTree.java:50)
	at AVLTree.insert(AVLTree.java:48)
	at AVLTree.insert(AVLTree.java:48)
	at AVLTree.insert(AVLTree.java:50)
	at AVLTree.insert(AVLTree.java:48)
	at AVLTree.insert(AVLTree.java:48)
	at AVLTree.insert(AVLTree.java:50)
	at AVLTree.insert(AVLTree.java:48)
	at AVLTree.insert(AVLTree.java:48)
	at AVLTree.insert(AVLTree.java:50)
	at AVLTree.insert(AVLTree.java:48)
	at AVLTree.insert(AVLTree.java:48)
	at AVLTree.insert(AVLTree.java:50)
	at AVLTree.insert(AVLTree.java:48)
	at AVLTree.insert(AVLTree.java:48)
	at AVLTree.insert(AVLTree.java:50)
	at AVLTree.insert(AVLTree.java:48)
	at AVLTree.insert(AVLTree.java:48)
	at AVLTree.insert(AVLTree.java:50)
	at AVLTree.insert(AVLTree.java:48)
	at AVLTree.insert(AVLTree.java:48)
	at AVLTree.insert(AVLTree.java:50)
	at AVLTree.insert(AVLTree.java:48)
	at AVLTree.insert(AVLTree.java:48)
	at AVLTree.insert(AVLTree.java:50)
	at AVLTree.insert(AVLTree.java:48)
	at AVLTree.insert(AVLTree.java:48)
	at AVLTree.insert(AVLTree.java:50)
	at AVLTree.insert(AVLTree.java:48)
	at AVLTree.insert(AVLTree.java:48)
	at AVLTree.insert(AVLTree.java:50)
	at AVLTree.insert(AVLTree.java:48)
	at AVLTree.insert(AVLTree.java:48)
	at AVLTree.insert(AVLTree.java:50)
	at AVLTree.insert(AVLTree.java:48)
	at AVLTree.insert(AVLTree.java:48)
	at AVLTree.insert(AVLTree.java:50)
	at AVLTree.insert(AVLTree.java:48)
	at AVLTree.insert(AVLTree.java:48)
	at AVLTree.insert(AVLTree.java:50)
	at AVLTree.insert(AVLTree.java:48)
	at AVLTree.insert(AVLTree.java:48)
	at AVLTree.insert(AVLTree.java:50)
	at AVLTree.insert(AVLTree.java:48)
	at AVLTree.insert(AVLTree.java:48)
	at AVLTree.insert(AVLTree.java:50)
	at AVLTree.insert(AVLTree.java:48)
	at AVLTree.insert(AVLTree.java:48)
	at AVLTree.insert(AVLTree.java:50)
	at AVLTree.insert(AVLTree.java:48)
	at AVLTree.insert(AVLTree.java:48)
	at AVLTree.insert(AVLTree.java:50)
	at AVLTree.insert(AVLTree.java:48)
	at AVLTree.insert(AVLTree.java:48)
	at AVLTree.insert(AVLTree.java:50)
	at AVLTree.insert(AVLTree.java:48)
	at AVLTree.insert(AVLTree.java:48)
	at AVLTree.insert(AVLTree.java:50)
	at AVLTree.insert(AVLTree.java:48)
	at AVLTree.insert(AVLTree.java:48)
	at AVLTree.insert(AVLTree.java:50)
	at AVLTree.insert(AVLTree.java:48)
	at AVLTree.insert(AVLTree.java:48)
	at AVLTree.insert(AVLTree.java:50)
	at AVLTree.insert(AVLTree.java:48)
	at AVLTree.insert(AVLTree.java:48)
	at AVLTree.insert(AVLTree.java:50)
	at AVLTree.insert(AVLTree.java:48)
	at AVLTree.insert(AVLTree.java:48)
	at AVLTree.insert(AVLTree.java:50)
	at AVLTree.insert(AVLTree.java:48)
	at AVLTree.insert(AVLTree.java:48)
	at AVLTree.insert(AVLTree.java:50)
	at AVLTree.insert(AVLTree.java:48)
	at AVLTree.insert(AVLTree.java:48)
	at AVLTree.insert(AVLTree.java:50)
	at AVLTree.insert(AVLTree.java:48)
	at AVLTree.insert(AVLTree.java:48)
	at AVLTree.insert(AVLTree.java:50)
	at AVLTree.insert(AVLTree.java:48)
	at AVLTree.insert(AVLTree.java:48)
	at AVLTree.insert(AVLTree.java:50)
	at AVLTree.insert(AVLTree.java:48)
	at AVLTree.insert(AVLTree.java:48)
	at AVLTree.insert(AVLTree.java:50)
	at AVLTree.insert(AVLTree.java:48)
	at AVLTree.insert(AVLTree.java:48)
	at AVLTree.insert(AVLTree.java:50)
	at AVLTree.insert(AVLTree.java:48)
	at AVLTree.insert(AVLTree.java:48)
	at AVLTree.insert(AVLTree.java:50)
	at AVLTree.insert(AVLTree.java:48)
	at AVLTree.insert(AVLTree.java:48)
	at AVLTree.insert(AVLTree.java:50)
	at AVLTree.insert(AVLTree.java:48)
	at AVLTree.insert(AVLTree.java:48)
	at AVLTree.insert(AVLTree.java:50)
	at AVLTree.insert(AVLTree.java:48)
	at AVLTree.insert(AVLTree.java:48)
	at AVLTree.insert(AVLTree.java:50)

